# JRE version: Java(TM) SE Runtime Environment (8.0_172-b11) (build 1.8.0_172-b11)
# Java VM: Java HotSpot(TM) 64-Bit Server VM (25.172-b11 mixed mode windows-amd64 compressed oops)
Heap:
 PSYoungGen      total 135168K, used 57485K [0x00000000f5580000, 0x00000000feb00000, 0x0000000100000000)
  eden space 122368K, 36% used [0x00000000f5580000,0x00000000f8126368,0x00000000fcd00000)
  from space 12800K, 99% used [0x00000000fde80000,0x00000000feafd348,0x00000000feb00000)
  to   space 14848K, 0% used [0x00000000fce00000,0x00000000fce00000,0x00000000fdc80000)
 ParOldGen       total 186880K, used 16149K [0x00000000e0000000, 0x00000000eb680000, 0x00000000f5580000)
  object space 186880K, 8% used [0x00000000e0000000,0x00000000e0fc5628,0x00000000eb680000)
 Metaspace       used 49029K, capacity 51124K, committed 51456K, reserved 1093632K
  class space    used 6829K, capacity 7301K, committed 7424K, reserved 1048576K
GC Heap History (10 events):
Event: 6.258 GC heap before
{Heap before GC invocations=6 (full 1):
 PSYoungGen      total 76288K, used 73339K [0x00000000f5580000, 0x00000000fc880000, 0x0000000100000000)
  eden space 65536K, 100% used [0x00000000f5580000,0x00000000f9580000,0x00000000f9580000)
  from space 10752K, 72% used [0x00000000fa000000,0x00000000fa79ed30,0x00000000faa80000)
  to   space 10752K, 0% used [0x00000000f9580000,0x00000000f9580000,0x00000000fa000000)
 ParOldGen       total 175104K, used 11420K [0x00000000e0000000, 0x00000000eab00000, 0x00000000f5580000)
  object space 175104K, 6% used [0x00000000e0000000,0x00000000e0b27230,0x00000000eab00000)
 Metaspace       used 32660K, capacity 33872K, committed 34048K, reserved 1079296K
  class space    used 4530K, capacity 4798K, committed 4864K, reserved 1048576K
Event: 6.268 GC heap after
Heap after GC invocations=6 (full 1):
 PSYoungGen      total 76288K, used 8457K [0x00000000f5580000, 0x00000000fcf00000, 0x0000000100000000)
  eden space 65536K, 0% used [0x00000000f5580000,0x00000000f5580000,0x00000000f9580000)
  from space 10752K, 78% used [0x00000000f9580000,0x00000000f9dc2788,0x00000000fa000000)
  to   space 12800K, 0% used [0x00000000fc280000,0x00000000fc280000,0x00000000fcf00000)
 ParOldGen       total 175104K, used 11428K [0x00000000e0000000, 0x00000000eab00000, 0x00000000f5580000)
  object space 175104K, 6% used [0x00000000e0000000,0x00000000e0b29230,0x00000000eab00000)
 Metaspace       used 32660K, capacity 33872K, committed 34048K, reserved 1079296K
  class space    used 4530K, capacity 4798K, committed 4864K, reserved 1048576K
}
Event: 6.680 GC heap before
{Heap before GC invocations=7 (full 1):
 PSYoungGen      total 76288K, used 39425K [0x00000000f5580000, 0x00000000fcf00000, 0x0000000100000000)
  eden space 65536K, 47% used [0x00000000f5580000,0x00000000f73bddb8,0x00000000f9580000)
  from space 10752K, 78% used [0x00000000f9580000,0x00000000f9dc2788,0x00000000fa000000)
  to   space 12800K, 0% used [0x00000000fc280000,0x00000000fc280000,0x00000000fcf00000)
 ParOldGen       total 175104K, used 11428K [0x00000000e0000000, 0x00000000eab00000, 0x00000000f5580000)
  object space 175104K, 6% used [0x00000000e0000000,0x00000000e0b29230,0x00000000eab00000)
 Metaspace       used 34182K, capacity 35362K, committed 35496K, reserved 1079296K
  class space    used 4745K, capacity 5036K, committed 5120K, reserved 1048576K
Event: 6.691 GC heap after
Heap after GC invocations=7 (full 1):
 PSYoungGen      total 112128K, used 8363K [0x00000000f5580000, 0x00000000fd480000, 0x0000000100000000)
  eden space 99328K, 0% used [0x00000000f5580000,0x00000000f5580000,0x00000000fb680000)
  from space 12800K, 65% used [0x00000000fc280000,0x00000000fcaaae10,0x00000000fcf00000)
  to   space 12288K, 0% used [0x00000000fb680000,0x00000000fb680000,0x00000000fc280000)
 ParOldGen       total 175104K, used 11436K [0x00000000e0000000, 0x00000000eab00000, 0x00000000f5580000)
  object space 175104K, 6% used [0x00000000e0000000,0x00000000e0b2b230,0x00000000eab00000)
 Metaspace       used 34182K, capacity 35362K, committed 35496K, reserved 1079296K
  class space    used 4745K, capacity 5036K, committed 5120K, reserved 1048576K
}
Event: 6.691 GC heap before
{Heap before GC invocations=8 (full 2):
 PSYoungGen      total 112128K, used 8363K [0x00000000f5580000, 0x00000000fd480000, 0x0000000100000000)
  eden space 99328K, 0% used [0x00000000f5580000,0x00000000f5580000,0x00000000fb680000)
  from space 12800K, 65% used [0x00000000fc280000,0x00000000fcaaae10,0x00000000fcf00000)
  to   space 12288K, 0% used [0x00000000fb680000,0x00000000fb680000,0x00000000fc280000)
 ParOldGen       total 175104K, used 11436K [0x00000000e0000000, 0x00000000eab00000, 0x00000000f5580000)
  object space 175104K, 6% used [0x00000000e0000000,0x00000000e0b2b230,0x00000000eab00000)
 Metaspace       used 34182K, capacity 35362K, committed 35496K, reserved 1079296K
  class space    used 4745K, capacity 5036K, committed 5120K, reserved 1048576K
Event: 6.808 GC heap after
Heap after GC invocations=8 (full 2):
 PSYoungGen      total 112128K, used 0K [0x00000000f5580000, 0x00000000fd480000, 0x0000000100000000)
  eden space 99328K, 0% used [0x00000000f5580000,0x00000000f5580000,0x00000000fb680000)
  from space 12800K, 0% used [0x00000000fc280000,0x00000000fc280000,0x00000000fcf00000)
  to   space 12288K, 0% used [0x00000000fb680000,0x00000000fb680000,0x00000000fc280000)
 ParOldGen       total 186880K, used 15021K [0x00000000e0000000, 0x00000000eb680000, 0x00000000f5580000)
  object space 186880K, 8% used [0x00000000e0000000,0x00000000e0eab570,0x00000000eb680000)
 Metaspace       used 34182K, capacity 35362K, committed 35496K, reserved 1079296K
  class space    used 4745K, capacity 5036K, committed 5120K, reserved 1048576K
}
Event: 8.436 GC heap before
{Heap before GC invocations=9 (full 2):
 PSYoungGen      total 112128K, used 99328K [0x00000000f5580000, 0x00000000fd480000, 0x0000000100000000)
  eden space 99328K, 100% used [0x00000000f5580000,0x00000000fb680000,0x00000000fb680000)
  from space 12800K, 0% used [0x00000000fc280000,0x00000000fc280000,0x00000000fcf00000)
  to   space 12288K, 0% used [0x00000000fb680000,0x00000000fb680000,0x00000000fc280000)
 ParOldGen       total 186880K, used 15021K [0x00000000e0000000, 0x00000000eb680000, 0x00000000f5580000)
  object space 186880K, 8% used [0x00000000e0000000,0x00000000e0eab570,0x00000000eb680000)
 Metaspace       used 42010K, capacity 43544K, committed 43904K, reserved 1087488K
  class space    used 5798K, capacity 6149K, committed 6272K, reserved 1048576K
Event: 8.450 GC heap after
Heap after GC invocations=9 (full 2):
 PSYoungGen      total 111616K, used 11234K [0x00000000f5580000, 0x00000000feb00000, 0x0000000100000000)
  eden space 99328K, 0% used [0x00000000f5580000,0x00000000f5580000,0x00000000fb680000)
  from space 12288K, 91% used [0x00000000fb680000,0x00000000fc1789d8,0x00000000fc280000)
  to   space 12800K, 0% used [0x00000000fde80000,0x00000000fde80000,0x00000000feb00000)
 ParOldGen       total 186880K, used 15029K [0x00000000e0000000, 0x00000000eb680000, 0x00000000f5580000)
  object space 186880K, 8% used [0x00000000e0000000,0x00000000e0ead570,0x00000000eb680000)
 Metaspace       used 42010K, capacity 43544K, committed 43904K, reserved 1087488K
  class space    used 5798K, capacity 6149K, committed 6272K, reserved 1048576K
}
Event: 28.010 GC heap before
{Heap before GC invocations=10 (full 2):
 PSYoungGen      total 111616K, used 110562K [0x00000000f5580000, 0x00000000feb00000, 0x0000000100000000)
  eden space 99328K, 100% used [0x00000000f5580000,0x00000000fb680000,0x00000000fb680000)
  from space 12288K, 91% used [0x00000000fb680000,0x00000000fc1789d8,0x00000000fc280000)
  to   space 12800K, 0% used [0x00000000fde80000,0x00000000fde80000,0x00000000feb00000)
 ParOldGen       total 186880K, used 15029K [0x00000000e0000000, 0x00000000eb680000, 0x00000000f5580000)
  object space 186880K, 8% used [0x00000000e0000000,0x00000000e0ead570,0x00000000eb680000)
 Metaspace       used 47839K, capacity 49890K, committed 50176K, reserved 1091584K
  class space    used 6652K, capacity 7051K, committed 7168K, reserved 1048576K
Event: 28.032 GC heap after
Heap after GC invocations=10 (full 2):
 PSYoungGen      total 135168K, used 12788K [0x00000000f5580000, 0x00000000feb00000, 0x0000000100000000)
  eden space 122368K, 0% used [0x00000000f5580000,0x00000000f5580000,0x00000000fcd00000)
  from space 12800K, 99% used [0x00000000fde80000,0x00000000feafd348,0x00000000feb00000)
  to   space 14848K, 0% used [0x00000000fce00000,0x00000000fce00000,0x00000000fdc80000)
 ParOldGen       total 186880K, used 16149K [0x00000000e0000000, 0x00000000eb680000, 0x00000000f5580000)
  object space 186880K, 8% used [0x00000000e0000000,0x00000000e0fc5628,0x00000000eb680000)
 Metaspace       used 47839K, capacity 49890K, committed 50176K, reserved 1091584K
  class space    used 6652K, capacity 7051K, committed 7168K, reserved 1048576K
}

